<?xml version="1.0" encoding="UTF-8"?>
<!-- Generated by org.testng.reporters.JUnitXMLReporter -->
<testsuite hostname="NBSP06073Y-TP" failures="1" tests="1" name="Test" time="19.421" errors="0" timestamp="23 Dec 2021 18:30:32 GMT">
  <testcase classname="Tests.TestShop" name="signIn" time="16.946">
    <failure type="java.lang.NullPointerException" message="Cannot invoke &amp;quot;org.openqa.selenium.support.ui.WebDriverWait.until(java.util.function.Function)&amp;quot; because &amp;quot;this.wait&amp;quot; is null">
      <![CDATA[java.lang.NullPointerException: Cannot invoke "org.openqa.selenium.support.ui.WebDriverWait.until(java.util.function.Function)" because "this.wait" is null
	at Tests.TestShop.signIn(TestShop.java:57)
... Removed 24 stack frames]]>
    </failure>
  </testcase> <!-- signIn -->
</testsuite> <!-- Test -->
